# JRE version: Java(TM) SE Runtime Environment (8.0_171-b11) (build 1.8.0_171-b11)
# Java VM: Java HotSpot(TM) 64-Bit Server VM (25.171-b11 mixed mode windows-amd64 compressed oops)
Heap:
 PSYoungGen      total 115200K, used 112972K [0x000000076b500000, 0x0000000776e80000, 0x00000007c0000000)
  eden space 104448K, 100% used [0x000000076b500000,0x0000000771b00000,0x0000000771b00000)
  from space 10752K, 79% used [0x0000000771b00000,0x0000000772353070,0x0000000772580000)
  to   space 11264K, 65% used [0x0000000776380000,0x0000000776aa8010,0x0000000776e80000)
 ParOldGen       total 96768K, used 7456K [0x00000006c1e00000, 0x00000006c7c80000, 0x000000076b500000)
  object space 96768K, 7% used [0x00000006c1e00000,0x00000006c2548160,0x00000006c7c80000)
 Metaspace       used 31340K, capacity 33050K, committed 33280K, reserved 1077248K
  class space    used 4269K, capacity 4594K, committed 4608K, reserved 1048576K
GC Heap History (10 events):
Event: 3.581 GC heap after
Heap after GC invocations=4 (full 0):
 PSYoungGen      total 76288K, used 7690K [0x000000076b500000, 0x0000000770a00000, 0x00000007c0000000)
  eden space 65536K, 0% used [0x000000076b500000,0x000000076b500000,0x000000076f500000)
  from space 10752K, 71% used [0x000000076ff80000,0x00000007707028b8,0x0000000770a00000)
  to   space 10752K, 0% used [0x000000076f500000,0x000000076f500000,0x000000076ff80000)
 ParOldGen       total 175104K, used 40K [0x00000006c1e00000, 0x00000006cc900000, 0x000000076b500000)
  object space 175104K, 0% used [0x00000006c1e00000,0x00000006c1e0a000,0x00000006cc900000)
 Metaspace       used 20569K, capacity 21266K, committed 21296K, reserved 1067008K
  class space    used 2739K, capacity 2920K, committed 2944K, reserved 1048576K
}
Event: 3.581 GC heap before
{Heap before GC invocations=5 (full 1):
 PSYoungGen      total 76288K, used 7690K [0x000000076b500000, 0x0000000770a00000, 0x00000007c0000000)
  eden space 65536K, 0% used [0x000000076b500000,0x000000076b500000,0x000000076f500000)
  from space 10752K, 71% used [0x000000076ff80000,0x00000007707028b8,0x0000000770a00000)
  to   space 10752K, 0% used [0x000000076f500000,0x000000076f500000,0x000000076ff80000)
 ParOldGen       total 175104K, used 40K [0x00000006c1e00000, 0x00000006cc900000, 0x000000076b500000)
  object space 175104K, 0% used [0x00000006c1e00000,0x00000006c1e0a000,0x00000006cc900000)
 Metaspace       used 20569K, capacity 21266K, committed 21296K, reserved 1067008K
  class space    used 2739K, capacity 2920K, committed 2944K, reserved 1048576K
Event: 3.600 GC heap after
Heap after GC invocations=5 (full 1):
 PSYoungGen      total 76288K, used 0K [0x000000076b500000, 0x0000000770a00000, 0x00000007c0000000)
  eden space 65536K, 0% used [0x000000076b500000,0x000000076b500000,0x000000076f500000)
  from space 10752K, 0% used [0x000000076ff80000,0x000000076ff80000,0x0000000770a00000)
  to   space 10752K, 0% used [0x000000076f500000,0x000000076f500000,0x000000076ff80000)
 ParOldGen       total 96768K, used 7424K [0x00000006c1e00000, 0x00000006c7c80000, 0x000000076b500000)
  object space 96768K, 7% used [0x00000006c1e00000,0x00000006c2540160,0x00000006c7c80000)
 Metaspace       used 20568K, capacity 21260K, committed 21296K, reserved 1067008K
  class space    used 2739K, capacity 2919K, committed 2944K, reserved 1048576K
}
Event: 4.881 GC heap before
{Heap before GC invocations=6 (full 1):
 PSYoungGen      total 76288K, used 65536K [0x000000076b500000, 0x0000000770a00000, 0x00000007c0000000)
  eden space 65536K, 100% used [0x000000076b500000,0x000000076f500000,0x000000076f500000)
  from space 10752K, 0% used [0x000000076ff80000,0x000000076ff80000,0x0000000770a00000)
  to   space 10752K, 0% used [0x000000076f500000,0x000000076f500000,0x000000076ff80000)
 ParOldGen       total 96768K, used 7424K [0x00000006c1e00000, 0x00000006c7c80000, 0x000000076b500000)
  object space 96768K, 7% used [0x00000006c1e00000,0x00000006c2540160,0x00000006c7c80000)
 Metaspace       used 23590K, capacity 24610K, committed 24704K, reserved 1071104K
  class space    used 3175K, capacity 3408K, committed 3456K, reserved 1048576K
Event: 4.885 GC heap after
Heap after GC invocations=6 (full 1):
 PSYoungGen      total 76288K, used 4372K [0x000000076b500000, 0x0000000773080000, 0x00000007c0000000)
  eden space 65536K, 0% used [0x000000076b500000,0x000000076b500000,0x000000076f500000)
  from space 10752K, 40% used [0x000000076f500000,0x000000076f945050,0x000000076ff80000)
  to   space 10752K, 0% used [0x0000000772600000,0x0000000772600000,0x0000000773080000)
 ParOldGen       total 96768K, used 7432K [0x00000006c1e00000, 0x00000006c7c80000, 0x000000076b500000)
  object space 96768K, 7% used [0x00000006c1e00000,0x00000006c2542160,0x00000006c7c80000)
 Metaspace       used 23590K, capacity 24610K, committed 24704K, reserved 1071104K
  class space    used 3175K, capacity 3408K, committed 3456K, reserved 1048576K
}
Event: 5.257 GC heap before
{Heap before GC invocations=7 (full 1):
 PSYoungGen      total 76288K, used 69908K [0x000000076b500000, 0x0000000773080000, 0x00000007c0000000)
  eden space 65536K, 100% used [0x000000076b500000,0x000000076f500000,0x000000076f500000)
  from space 10752K, 40% used [0x000000076f500000,0x000000076f945050,0x000000076ff80000)
  to   space 10752K, 0% used [0x0000000772600000,0x0000000772600000,0x0000000773080000)
 ParOldGen       total 96768K, used 7432K [0x00000006c1e00000, 0x00000006c7c80000, 0x000000076b500000)
  object space 96768K, 7% used [0x00000006c1e00000,0x00000006c2542160,0x00000006c7c80000)
 Metaspace       used 24442K, capacity 25516K, committed 25600K, reserved 1071104K
  class space    used 3299K, capacity 3525K, committed 3584K, reserved 1048576K
Event: 5.260 GC heap after
Heap after GC invocations=7 (full 1):
 PSYoungGen      total 114688K, used 4720K [0x000000076b500000, 0x0000000773000000, 0x00000007c0000000)
  eden space 104448K, 0% used [0x000000076b500000,0x000000076b500000,0x0000000771b00000)
  from space 10240K, 46% used [0x0000000772600000,0x0000000772a9c330,0x0000000773000000)
  to   space 10752K, 0% used [0x0000000771b00000,0x0000000771b00000,0x0000000772580000)
 ParOldGen       total 96768K, used 7440K [0x00000006c1e00000, 0x00000006c7c80000, 0x000000076b500000)
  object space 96768K, 7% used [0x00000006c1e00000,0x00000006c2544160,0x00000006c7c80000)
 Metaspace       used 24442K, capacity 25516K, committed 25600K, reserved 1071104K
  class space    used 3299K, capacity 3525K, committed 3584K, reserved 1048576K
}
Event: 5.796 GC heap before
{Heap before GC invocations=8 (full 1):
 PSYoungGen      total 114688K, used 109168K [0x000000076b500000, 0x0000000773000000, 0x00000007c0000000)
  eden space 104448K, 100% used [0x000000076b500000,0x0000000771b00000,0x0000000771b00000)
  from space 10240K, 46% used [0x0000000772600000,0x0000000772a9c330,0x0000000773000000)
  to   space 10752K, 0% used [0x0000000771b00000,0x0000000771b00000,0x0000000772580000)
 ParOldGen       total 96768K, used 7440K [0x00000006c1e00000, 0x00000006c7c80000, 0x000000076b500000)
  object space 96768K, 7% used [0x00000006c1e00000,0x00000006c2544160,0x00000006c7c80000)
 Metaspace       used 26782K, capacity 27978K, committed 28160K, reserved 1073152K
  class space    used 3695K, capacity 3972K, committed 4096K, reserved 1048576K
Event: 5.801 GC heap after
Heap after GC invocations=8 (full 1):
 PSYoungGen      total 115200K, used 8524K [0x000000076b500000, 0x0000000776e80000, 0x00000007c0000000)
  eden space 104448K, 0% used [0x000000076b500000,0x000000076b500000,0x0000000771b00000)
  from space 10752K, 79% used [0x0000000771b00000,0x0000000772353070,0x0000000772580000)
  to   space 11264K, 0% used [0x0000000776380000,0x0000000776380000,0x0000000776e80000)
 ParOldGen       total 96768K, used 7448K [0x00000006c1e00000, 0x00000006c7c80000, 0x000000076b500000)
  object space 96768K, 7% used [0x00000006c1e00000,0x00000006c2546160,0x00000006c7c80000)
 Metaspace       used 26782K, capacity 27978K, committed 28160K, reserved 1073152K
  class space    used 3695K, capacity 3972K, committed 4096K, reserved 1048576K
}
Event: 6.420 GC heap before
{Heap before GC invocations=9 (full 1):
 PSYoungGen      total 115200K, used 112972K [0x000000076b500000, 0x0000000776e80000, 0x00000007c0000000)
  eden space 104448K, 100% used [0x000000076b500000,0x0000000771b00000,0x0000000771b00000)
  from space 10752K, 79% used [0x0000000771b00000,0x0000000772353070,0x0000000772580000)
  to   space 11264K, 0% used [0x0000000776380000,0x0000000776380000,0x0000000776e80000)
 ParOldGen       total 96768K, used 7448K [0x00000006c1e00000, 0x00000006c7c80000, 0x000000076b500000)
  object space 96768K, 7% used [0x00000006c1e00000,0x00000006c2546160,0x00000006c7c80000)
 Metaspace       used 31340K, capacity 33050K, committed 33280K, reserved 1077248K
  class space    used 4269K, capacity 4594K, committed 4608K, reserved 1048576K

