# JRE version: Java(TM) SE Runtime Environment (8.0_171-b11) (build 1.8.0_171-b11)
# Java VM: Java HotSpot(TM) 64-Bit Server VM (25.171-b11 mixed mode windows-amd64 compressed oops)
Heap:
 PSYoungGen      total 354304K, used 154700K [0x000000076b500000, 0x000000078d200000, 0x00000007c0000000)
  eden space 336384K, 45% used [0x000000076b500000,0x0000000774c13288,0x000000077fd80000)
  from space 17920K, 0% used [0x000000077fd80000,0x000000077fd80000,0x0000000780f00000)
  to   space 19456K, 0% used [0x000000078bf00000,0x000000078bf00000,0x000000078d200000)
 ParOldGen       total 154112K, used 31304K [0x00000006c1e00000, 0x00000006cb480000, 0x000000076b500000)
  object space 154112K, 20% used [0x00000006c1e00000,0x00000006c3c92248,0x00000006cb480000)
 Metaspace       used 45331K, capacity 48324K, committed 48552K, reserved 1091584K
  class space    used 6394K, capacity 6974K, committed 7080K, reserved 1048576K
GC Heap History (10 events):
Event: 4.661 GC heap before
{Heap before GC invocations=6 (full 1):
 PSYoungGen      total 219648K, used 219436K [0x000000076b500000, 0x000000077c780000, 0x00000007c0000000)
  eden space 211456K, 100% used [0x000000076b500000,0x0000000778380000,0x0000000778380000)
  from space 8192K, 97% used [0x000000077bf80000,0x000000077c74b180,0x000000077c780000)
  to   space 10752K, 0% used [0x000000077b280000,0x000000077b280000,0x000000077bd00000)
 ParOldGen       total 97792K, used 9707K [0x00000006c1e00000, 0x00000006c7d80000, 0x000000076b500000)
  object space 97792K, 9% used [0x00000006c1e00000,0x00000006c277ad18,0x00000006c7d80000)
 Metaspace       used 31436K, capacity 33150K, committed 33280K, reserved 1077248K
  class space    used 4283K, capacity 4601K, committed 4608K, reserved 1048576K
Event: 4.669 GC heap after
Heap after GC invocations=6 (full 1):
 PSYoungGen      total 270336K, used 10730K [0x000000076b500000, 0x0000000781f00000, 0x00000007c0000000)
  eden space 259584K, 0% used [0x000000076b500000,0x000000076b500000,0x000000077b280000)
  from space 10752K, 99% used [0x000000077b280000,0x000000077bcfabb0,0x000000077bd00000)
  to   space 16384K, 0% used [0x0000000780f00000,0x0000000780f00000,0x0000000781f00000)
 ParOldGen       total 97792K, used 16401K [0x00000006c1e00000, 0x00000006c7d80000, 0x000000076b500000)
  object space 97792K, 16% used [0x00000006c1e00000,0x00000006c2e04568,0x00000006c7d80000)
 Metaspace       used 31436K, capacity 33150K, committed 33280K, reserved 1077248K
  class space    used 4283K, capacity 4601K, committed 4608K, reserved 1048576K
}
Event: 5.802 GC heap before
{Heap before GC invocations=7 (full 1):
 PSYoungGen      total 270336K, used 65106K [0x000000076b500000, 0x0000000781f00000, 0x00000007c0000000)
  eden space 259584K, 20% used [0x000000076b500000,0x000000076ea19d20,0x000000077b280000)
  from space 10752K, 99% used [0x000000077b280000,0x000000077bcfabb0,0x000000077bd00000)
  to   space 16384K, 0% used [0x0000000780f00000,0x0000000780f00000,0x0000000781f00000)
 ParOldGen       total 97792K, used 16401K [0x00000006c1e00000, 0x00000006c7d80000, 0x000000076b500000)
  object space 97792K, 16% used [0x00000006c1e00000,0x00000006c2e04568,0x00000006c7d80000)
 Metaspace       used 33613K, capacity 35470K, committed 35496K, reserved 1079296K
  class space    used 4653K, capacity 5021K, committed 5032K, reserved 1048576K
Event: 5.809 GC heap after
Heap after GC invocations=7 (full 1):
 PSYoungGen      total 352768K, used 14417K [0x000000076b500000, 0x0000000786500000, 0x00000007c0000000)
  eden space 336384K, 0% used [0x000000076b500000,0x000000076b500000,0x000000077fd80000)
  from space 16384K, 87% used [0x0000000780f00000,0x0000000781d14708,0x0000000781f00000)
  to   space 17920K, 0% used [0x000000077fd80000,0x000000077fd80000,0x0000000780f00000)
 ParOldGen       total 97792K, used 16409K [0x00000006c1e00000, 0x00000006c7d80000, 0x000000076b500000)
  object space 97792K, 16% used [0x00000006c1e00000,0x00000006c2e06568,0x00000006c7d80000)
 Metaspace       used 33613K, capacity 35470K, committed 35496K, reserved 1079296K
  class space    used 4653K, capacity 5021K, committed 5032K, reserved 1048576K
}
Event: 5.809 GC heap before
{Heap before GC invocations=8 (full 2):
 PSYoungGen      total 352768K, used 14417K [0x000000076b500000, 0x0000000786500000, 0x00000007c0000000)
  eden space 336384K, 0% used [0x000000076b500000,0x000000076b500000,0x000000077fd80000)
  from space 16384K, 87% used [0x0000000780f00000,0x0000000781d14708,0x0000000781f00000)
  to   space 17920K, 0% used [0x000000077fd80000,0x000000077fd80000,0x0000000780f00000)
 ParOldGen       total 97792K, used 16409K [0x00000006c1e00000, 0x00000006c7d80000, 0x000000076b500000)
  object space 97792K, 16% used [0x00000006c1e00000,0x00000006c2e06568,0x00000006c7d80000)
 Metaspace       used 33613K, capacity 35470K, committed 35496K, reserved 1079296K
  class space    used 4653K, capacity 5021K, committed 5032K, reserved 1048576K
Event: 5.842 GC heap after
Heap after GC invocations=8 (full 2):
 PSYoungGen      total 352768K, used 0K [0x000000076b500000, 0x0000000786500000, 0x00000007c0000000)
  eden space 336384K, 0% used [0x000000076b500000,0x000000076b500000,0x000000077fd80000)
  from space 16384K, 0% used [0x0000000780f00000,0x0000000780f00000,0x0000000781f00000)
  to   space 17920K, 0% used [0x000000077fd80000,0x000000077fd80000,0x0000000780f00000)
 ParOldGen       total 154112K, used 19949K [0x00000006c1e00000, 0x00000006cb480000, 0x000000076b500000)
  object space 154112K, 12% used [0x00000006c1e00000,0x00000006c317b548,0x00000006cb480000)
 Metaspace       used 33613K, capacity 35470K, committed 35496K, reserved 1079296K
  class space    used 4653K, capacity 5021K, committed 5032K, reserved 1048576K
}
Event: 56.155 GC heap before
{Heap before GC invocations=9 (full 2):
 PSYoungGen      total 352768K, used 287719K [0x000000076b500000, 0x0000000786500000, 0x00000007c0000000)
  eden space 336384K, 85% used [0x000000076b500000,0x000000077cdf9c50,0x000000077fd80000)
  from space 16384K, 0% used [0x0000000780f00000,0x0000000780f00000,0x0000000781f00000)
  to   space 17920K, 0% used [0x000000077fd80000,0x000000077fd80000,0x0000000780f00000)
 ParOldGen       total 154112K, used 19949K [0x00000006c1e00000, 0x00000006cb480000, 0x000000076b500000)
  object space 154112K, 12% used [0x00000006c1e00000,0x00000006c317b548,0x00000006cb480000)
 Metaspace       used 45147K, capacity 47974K, committed 48168K, reserved 1091584K
  class space    used 6369K, capacity 6907K, committed 6952K, reserved 1048576K
Event: 56.165 GC heap after
Heap after GC invocations=9 (full 2):
 PSYoungGen      total 354304K, used 16247K [0x000000076b500000, 0x000000078d200000, 0x00000007c0000000)
  eden space 336384K, 0% used [0x000000076b500000,0x000000076b500000,0x000000077fd80000)
  from space 17920K, 90% used [0x000000077fd80000,0x0000000780d5df00,0x0000000780f00000)
  to   space 19456K, 0% used [0x000000078bf00000,0x000000078bf00000,0x000000078d200000)
 ParOldGen       total 154112K, used 19957K [0x00000006c1e00000, 0x00000006cb480000, 0x000000076b500000)
  object space 154112K, 12% used [0x00000006c1e00000,0x00000006c317d548,0x00000006cb480000)
 Metaspace       used 45147K, capacity 47974K, committed 48168K, reserved 1091584K
  class space    used 6369K, capacity 6907K, committed 6952K, reserved 1048576K
}
Event: 56.165 GC heap before
{Heap before GC invocations=10 (full 3):
 PSYoungGen      total 354304K, used 16247K [0x000000076b500000, 0x000000078d200000, 0x00000007c0000000)
  eden space 336384K, 0% used [0x000000076b500000,0x000000076b500000,0x000000077fd80000)
  from space 17920K, 90% used [0x000000077fd80000,0x0000000780d5df00,0x0000000780f00000)
  to   space 19456K, 0% used [0x000000078bf00000,0x000000078bf00000,0x000000078d200000)
 ParOldGen       total 154112K, used 19957K [0x00000006c1e00000, 0x00000006cb480000, 0x000000076b500000)
  object space 154112K, 12% used [0x00000006c1e00000,0x00000006c317d548,0x00000006cb480000)
 Metaspace       used 45147K, capacity 47974K, committed 48168K, reserved 1091584K
  class space    used 6369K, capacity 6907K, committed 6952K, reserved 1048576K
Event: 56.256 GC heap after
Heap after GC invocations=10 (full 3):
 PSYoungGen      total 354304K, used 0K [0x000000076b500000, 0x000000078d200000, 0x00000007c0000000)
  eden space 336384K, 0% used [0x000000076b500000,0x000000076b500000,0x000000077fd80000)
  from space 17920K, 0% used [0x000000077fd80000,0x000000077fd80000,0x0000000780f00000)
  to   space 19456K, 0% used [0x000000078bf00000,0x000000078bf00000,0x000000078d200000)
 ParOldGen       total 154112K, used 31304K [0x00000006c1e00000, 0x00000006cb480000, 0x000000076b500000)
  object space 154112K, 20% used [0x00000006c1e00000,0x00000006c3c92248,0x00000006cb480000)
 Metaspace       used 45147K, capacity 47974K, committed 48168K, reserved 1091584K
  class space    used 6369K, capacity 6907K, committed 6952K, reserved 1048576K
}

